Start testing: Feb 13 15:58 IST
----------------------------------------------------------
1/5 Testing: OutputTests.emptyBlacklist
1/5 Test: OutputTests.emptyBlacklist
Command: "/mnt/c/Users/hadar/BloomFilter/BloomFilter/build/BloomfilterTests" "--gtest_filter=OutputTests.emptyBlacklist" "--gtest_also_run_disabled_tests"
Directory: /mnt/c/Users/hadar/BloomFilter/BloomFilter/build
"OutputTests.emptyBlacklist" start time: Feb 13 15:58 IST
Output:
----------------------------------------------------------
Note: Google Test filter = OutputTests.emptyBlacklist
[==========] Running 1 test from 1 test suite.
[----------] Global test environment set-up.
[----------] 1 test from OutputTests
[ RUN      ] OutputTests.emptyBlacklist
[       OK ] OutputTests.emptyBlacklist (0 ms)
[----------] 1 test from OutputTests (0 ms total)

[----------] Global test environment tear-down
[==========] 1 test from 1 test suite ran. (0 ms total)
[  PASSED  ] 1 test.
<end of output>
Test time =   0.01 sec
----------------------------------------------------------
Test Passed.
"OutputTests.emptyBlacklist" end time: Feb 13 15:58 IST
"OutputTests.emptyBlacklist" time elapsed: 00:00:00
----------------------------------------------------------

2/5 Testing: OutputTests.blacklistedUrl
2/5 Test: OutputTests.blacklistedUrl
Command: "/mnt/c/Users/hadar/BloomFilter/BloomFilter/build/BloomfilterTests" "--gtest_filter=OutputTests.blacklistedUrl" "--gtest_also_run_disabled_tests"
Directory: /mnt/c/Users/hadar/BloomFilter/BloomFilter/build
"OutputTests.blacklistedUrl" start time: Feb 13 15:58 IST
Output:
----------------------------------------------------------
Note: Google Test filter = OutputTests.blacklistedUrl
[==========] Running 1 test from 1 test suite.
[----------] Global test environment set-up.
[----------] 1 test from OutputTests
[ RUN      ] OutputTests.blacklistedUrl
[       OK ] OutputTests.blacklistedUrl (0 ms)
[----------] 1 test from OutputTests (0 ms total)

[----------] Global test environment tear-down
[==========] 1 test from 1 test suite ran. (0 ms total)
[  PASSED  ] 1 test.
<end of output>
Test time =   0.01 sec
----------------------------------------------------------
Test Passed.
"OutputTests.blacklistedUrl" end time: Feb 13 15:58 IST
"OutputTests.blacklistedUrl" time elapsed: 00:00:00
----------------------------------------------------------

3/5 Testing: OutputTests.falsePositive
3/5 Test: OutputTests.falsePositive
Command: "/mnt/c/Users/hadar/BloomFilter/BloomFilter/build/BloomfilterTests" "--gtest_filter=OutputTests.falsePositive" "--gtest_also_run_disabled_tests"
Directory: /mnt/c/Users/hadar/BloomFilter/BloomFilter/build
"OutputTests.falsePositive" start time: Feb 13 15:58 IST
Output:
----------------------------------------------------------
Note: Google Test filter = OutputTests.falsePositive
[==========] Running 1 test from 1 test suite.
[----------] Global test environment set-up.
[----------] 1 test from OutputTests
[ RUN      ] OutputTests.falsePositive
[       OK ] OutputTests.falsePositive (0 ms)
[----------] 1 test from OutputTests (0 ms total)

[----------] Global test environment tear-down
[==========] 1 test from 1 test suite ran. (0 ms total)
[  PASSED  ] 1 test.
<end of output>
Test time =   0.01 sec
----------------------------------------------------------
Test Passed.
"OutputTests.falsePositive" end time: Feb 13 15:58 IST
"OutputTests.falsePositive" time elapsed: 00:00:00
----------------------------------------------------------

4/5 Testing: OutputTests.truePositive
4/5 Test: OutputTests.truePositive
Command: "/mnt/c/Users/hadar/BloomFilter/BloomFilter/build/BloomfilterTests" "--gtest_filter=OutputTests.truePositive" "--gtest_also_run_disabled_tests"
Directory: /mnt/c/Users/hadar/BloomFilter/BloomFilter/build
"OutputTests.truePositive" start time: Feb 13 15:58 IST
Output:
----------------------------------------------------------
Note: Google Test filter = OutputTests.truePositive
[==========] Running 1 test from 1 test suite.
[----------] Global test environment set-up.
[----------] 1 test from OutputTests
[ RUN      ] OutputTests.truePositive
[       OK ] OutputTests.truePositive (0 ms)
[----------] 1 test from OutputTests (0 ms total)

[----------] Global test environment tear-down
[==========] 1 test from 1 test suite ran. (0 ms total)
[  PASSED  ] 1 test.
<end of output>
Test time =   0.01 sec
----------------------------------------------------------
Test Passed.
"OutputTests.truePositive" end time: Feb 13 15:58 IST
"OutputTests.truePositive" time elapsed: 00:00:00
----------------------------------------------------------

5/5 Testing: InitializationTests.validUserInitLine
5/5 Test: InitializationTests.validUserInitLine
Command: "/mnt/c/Users/hadar/BloomFilter/BloomFilter/build/BloomfilterTests" "--gtest_filter=InitializationTests.validUserInitLine" "--gtest_also_run_disabled_tests"
Directory: /mnt/c/Users/hadar/BloomFilter/BloomFilter/build
"InitializationTests.validUserInitLine" start time: Feb 13 15:58 IST
Output:
----------------------------------------------------------
Note: Google Test filter = InitializationTests.validUserInitLine
[==========] Running 1 test from 1 test suite.
[----------] Global test environment set-up.
[----------] 1 test from InitializationTests
[ RUN      ] InitializationTests.validUserInitLine
[       OK ] InitializationTests.validUserInitLine (0 ms)
[----------] 1 test from InitializationTests (0 ms total)

[----------] Global test environment tear-down
[==========] 1 test from 1 test suite ran. (0 ms total)
[  PASSED  ] 1 test.
<end of output>
Test time =   0.02 sec
----------------------------------------------------------
Test Passed.
"InitializationTests.validUserInitLine" end time: Feb 13 15:58 IST
"InitializationTests.validUserInitLine" time elapsed: 00:00:00
----------------------------------------------------------

End testing: Feb 13 15:58 IST
